# JRE version: Java(TM) SE Runtime Environment (8.0_191-b12) (build 1.8.0_191-b12)
# Java VM: Java HotSpot(TM) 64-Bit Server VM (25.191-b12 mixed mode bsd-amd64 compressed oops)
Heap:
 PSYoungGen      total 44032K, used 14725K [0x000000076ab00000, 0x000000076da00000, 0x00000007c0000000)
  eden space 41984K, 34% used [0x000000076ab00000,0x000000076b9217a0,0x000000076d400000)
  from space 2048K, 12% used [0x000000076d800000,0x000000076d840000,0x000000076da00000)
  to   space 3072K, 0% used [0x000000076d400000,0x000000076d400000,0x000000076d700000)
 ParOldGen       total 74240K, used 9231K [0x00000006c0000000, 0x00000006c4880000, 0x000000076ab00000)
  object space 74240K, 12% used [0x00000006c0000000,0x00000006c0903e10,0x00000006c4880000)
 Metaspace       used 21438K, capacity 21732K, committed 21808K, reserved 1069056K
  class space    used 2495K, capacity 2608K, committed 2608K, reserved 1048576K
GC Heap History (10 events):
Event: 41.772 GC heap before
{Heap before GC invocations=29 (full 1):
 PSYoungGen      total 45056K, used 44736K [0x000000076ab00000, 0x000000076df80000, 0x00000007c0000000)
  eden space 44544K, 100% used [0x000000076ab00000,0x000000076d680000,0x000000076d680000)
  from space 512K, 37% used [0x000000076d700000,0x000000076d730000,0x000000076d780000)
  to   space 4608K, 0% used [0x000000076db00000,0x000000076db00000,0x000000076df80000)
 ParOldGen       total 74240K, used 9199K [0x00000006c0000000, 0x00000006c4880000, 0x000000076ab00000)
  object space 74240K, 12% used [0x00000006c0000000,0x00000006c08fbe10,0x00000006c4880000)
 Metaspace       used 21429K, capacity 21668K, committed 21808K, reserved 1069056K
  class space    used 2493K, capacity 2608K, committed 2608K, reserved 1048576K
Event: 41.774 GC heap after
Heap after GC invocations=29 (full 1):
 PSYoungGen      total 47104K, used 256K [0x000000076ab00000, 0x000000076de00000, 0x00000007c0000000)
  eden space 44032K, 0% used [0x000000076ab00000,0x000000076ab00000,0x000000076d600000)
  from space 3072K, 8% used [0x000000076db00000,0x000000076db40000,0x000000076de00000)
  to   space 4096K, 0% used [0x000000076d600000,0x000000076d600000,0x000000076da00000)
 ParOldGen       total 74240K, used 9207K [0x00000006c0000000, 0x00000006c4880000, 0x000000076ab00000)
  object space 74240K, 12% used [0x00000006c0000000,0x00000006c08fde10,0x00000006c4880000)
 Metaspace       used 21429K, capacity 21668K, committed 21808K, reserved 1069056K
  class space    used 2493K, capacity 2608K, committed 2608K, reserved 1048576K
}
Event: 42.637 GC heap before
{Heap before GC invocations=30 (full 1):
 PSYoungGen      total 47104K, used 44288K [0x000000076ab00000, 0x000000076de00000, 0x00000007c0000000)
  eden space 44032K, 100% used [0x000000076ab00000,0x000000076d600000,0x000000076d600000)
  from space 3072K, 8% used [0x000000076db00000,0x000000076db40000,0x000000076de00000)
  to   space 4096K, 0% used [0x000000076d600000,0x000000076d600000,0x000000076da00000)
 ParOldGen       total 74240K, used 9207K [0x00000006c0000000, 0x00000006c4880000, 0x000000076ab00000)
  object space 74240K, 12% used [0x00000006c0000000,0x00000006c08fde10,0x00000006c4880000)
 Metaspace       used 21429K, capacity 21668K, committed 21808K, reserved 1069056K
  class space    used 2493K, capacity 2608K, committed 2608K, reserved 1048576K
Event: 42.639 GC heap after
Heap after GC invocations=30 (full 1):
 PSYoungGen      total 44032K, used 256K [0x000000076ab00000, 0x000000076dd80000, 0x00000007c0000000)
  eden space 43520K, 0% used [0x000000076ab00000,0x000000076ab00000,0x000000076d580000)
  from space 512K, 50% used [0x000000076d600000,0x000000076d640000,0x000000076d680000)
  to   space 4096K, 0% used [0x000000076d980000,0x000000076d980000,0x000000076dd80000)
 ParOldGen       total 74240K, used 9215K [0x00000006c0000000, 0x00000006c4880000, 0x000000076ab00000)
  object space 74240K, 12% used [0x00000006c0000000,0x00000006c08ffe10,0x00000006c4880000)
 Metaspace       used 21429K, capacity 21668K, committed 21808K, reserved 1069056K
  class space    used 2493K, capacity 2608K, committed 2608K, reserved 1048576K
}
Event: 43.458 GC heap before
{Heap before GC invocations=31 (full 1):
 PSYoungGen      total 44032K, used 43776K [0x000000076ab00000, 0x000000076dd80000, 0x00000007c0000000)
  eden space 43520K, 100% used [0x000000076ab00000,0x000000076d580000,0x000000076d580000)
  from space 512K, 50% used [0x000000076d600000,0x000000076d640000,0x000000076d680000)
  to   space 4096K, 0% used [0x000000076d980000,0x000000076d980000,0x000000076dd80000)
 ParOldGen       total 74240K, used 9215K [0x00000006c0000000, 0x00000006c4880000, 0x000000076ab00000)
  object space 74240K, 12% used [0x00000006c0000000,0x00000006c08ffe10,0x00000006c4880000)
 Metaspace       used 21429K, capacity 21668K, committed 21808K, reserved 1069056K
  class space    used 2493K, capacity 2608K, committed 2608K, reserved 1048576K
Event: 43.460 GC heap after
Heap after GC invocations=31 (full 1):
 PSYoungGen      total 45568K, used 256K [0x000000076ab00000, 0x000000076dc00000, 0x00000007c0000000)
  eden space 43008K, 0% used [0x000000076ab00000,0x000000076ab00000,0x000000076d500000)
  from space 2560K, 10% used [0x000000076d980000,0x000000076d9c0000,0x000000076dc00000)
  to   space 3584K, 0% used [0x000000076d500000,0x000000076d500000,0x000000076d880000)
 ParOldGen       total 74240K, used 9215K [0x00000006c0000000, 0x00000006c4880000, 0x000000076ab00000)
  object space 74240K, 12% used [0x00000006c0000000,0x00000006c08ffe10,0x00000006c4880000)
 Metaspace       used 21429K, capacity 21668K, committed 21808K, reserved 1069056K
  class space    used 2493K, capacity 2608K, committed 2608K, reserved 1048576K
}
Event: 44.272 GC heap before
{Heap before GC invocations=32 (full 1):
 PSYoungGen      total 45568K, used 43264K [0x000000076ab00000, 0x000000076dc00000, 0x00000007c0000000)
  eden space 43008K, 100% used [0x000000076ab00000,0x000000076d500000,0x000000076d500000)
  from space 2560K, 10% used [0x000000076d980000,0x000000076d9c0000,0x000000076dc00000)
  to   space 3584K, 0% used [0x000000076d500000,0x000000076d500000,0x000000076d880000)
 ParOldGen       total 74240K, used 9215K [0x00000006c0000000, 0x00000006c4880000, 0x000000076ab00000)
  object space 74240K, 12% used [0x00000006c0000000,0x00000006c08ffe10,0x00000006c4880000)
 Metaspace       used 21429K, capacity 21668K, committed 21808K, reserved 1069056K
  class space    used 2493K, capacity 2608K, committed 2608K, reserved 1048576K
Event: 44.274 GC heap after
Heap after GC invocations=32 (full 1):
 PSYoungGen      total 43008K, used 256K [0x000000076ab00000, 0x000000076db80000, 0x00000007c0000000)
  eden space 42496K, 0% used [0x000000076ab00000,0x000000076ab00000,0x000000076d480000)
  from space 512K, 50% used [0x000000076d500000,0x000000076d540000,0x000000076d580000)
  to   space 3584K, 0% used [0x000000076d800000,0x000000076d800000,0x000000076db80000)
 ParOldGen       total 74240K, used 9215K [0x00000006c0000000, 0x00000006c4880000, 0x000000076ab00000)
  object space 74240K, 12% used [0x00000006c0000000,0x00000006c08ffe10,0x00000006c4880000)
 Metaspace       used 21429K, capacity 21668K, committed 21808K, reserved 1069056K
  class space    used 2493K, capacity 2608K, committed 2608K, reserved 1048576K
}
Event: 45.088 GC heap before
{Heap before GC invocations=33 (full 1):
 PSYoungGen      total 43008K, used 42750K [0x000000076ab00000, 0x000000076db80000, 0x00000007c0000000)
  eden space 42496K, 99% used [0x000000076ab00000,0x000000076d47f928,0x000000076d480000)
  from space 512K, 50% used [0x000000076d500000,0x000000076d540000,0x000000076d580000)
  to   space 3584K, 0% used [0x000000076d800000,0x000000076d800000,0x000000076db80000)
 ParOldGen       total 74240K, used 9215K [0x00000006c0000000, 0x00000006c4880000, 0x000000076ab00000)
  object space 74240K, 12% used [0x00000006c0000000,0x00000006c08ffe10,0x00000006c4880000)
 Metaspace       used 21429K, capacity 21668K, committed 21808K, reserved 1069056K
  class space    used 2493K, capacity 2608K, committed 2608K, reserved 1048576K
Event: 45.090 GC heap after
Heap after GC invocations=33 (full 1):
 PSYoungGen      total 44032K, used 256K [0x000000076ab00000, 0x000000076da00000, 0x00000007c0000000)
  eden space 41984K, 0% used [0x000000076ab00000,0x000000076ab00000,0x000000076d400000)
  from space 2048K, 12% used [0x000000076d800000,0x000000076d840000,0x000000076da00000)
  to   space 3072K, 0% used [0x000000076d400000,0x000000076d400000,0x000000076d700000)
 ParOldGen       total 74240K, used 9231K [0x00000006c0000000, 0x00000006c4880000, 0x000000076ab00000)
  object space 74240K, 12% used [0x00000006c0000000,0x00000006c0903e10,0x00000006c4880000)
 Metaspace       used 21429K, capacity 21668K, committed 21808K, reserved 1069056K
  class space    used 2493K, capacity 2608K, committed 2608K, reserved 1048576K
}

