# JRE version: Java(TM) SE Runtime Environment (8.0_191-b12) (build 1.8.0_191-b12)
# Java VM: Java HotSpot(TM) 64-Bit Server VM (25.191-b12 mixed mode bsd-amd64 compressed oops)
Heap:
 PSYoungGen      total 27648K, used 7146K [0x000000076ab00000, 0x000000076c700000, 0x00000007c0000000)
  eden space 26624K, 25% used [0x000000076ab00000,0x000000076b1bab00,0x000000076c500000)
  from space 1024K, 25% used [0x000000076c500000,0x000000076c540000,0x000000076c600000)
  to   space 1024K, 0% used [0x000000076c600000,0x000000076c600000,0x000000076c700000)
 ParOldGen       total 58880K, used 20921K [0x00000006c0000000, 0x00000006c3980000, 0x000000076ab00000)
  object space 58880K, 35% used [0x00000006c0000000,0x00000006c146e4a0,0x00000006c3980000)
 Metaspace       used 27954K, capacity 28171K, committed 28288K, reserved 1075200K
  class space    used 2835K, capacity 2921K, committed 2944K, reserved 1048576K
GC Heap History (10 events):
Event: 6416.029 GC heap before
{Heap before GC invocations=13184 (full 19):
 PSYoungGen      total 27648K, used 26880K [0x000000076ab00000, 0x000000076c700000, 0x00000007c0000000)
  eden space 26624K, 100% used [0x000000076ab00000,0x000000076c500000,0x000000076c500000)
  from space 1024K, 25% used [0x000000076c600000,0x000000076c640000,0x000000076c700000)
  to   space 1024K, 0% used [0x000000076c500000,0x000000076c500000,0x000000076c600000)
 ParOldGen       total 58880K, used 20921K [0x00000006c0000000, 0x00000006c3980000, 0x000000076ab00000)
  object space 58880K, 35% used [0x00000006c0000000,0x00000006c146e4a0,0x00000006c3980000)
 Metaspace       used 27944K, capacity 28171K, committed 28288K, reserved 1075200K
  class space    used 2833K, capacity 2921K, committed 2944K, reserved 1048576K
Event: 6416.031 GC heap after
Heap after GC invocations=13184 (full 19):
 PSYoungGen      total 27648K, used 224K [0x000000076ab00000, 0x000000076c700000, 0x00000007c0000000)
  eden space 26624K, 0% used [0x000000076ab00000,0x000000076ab00000,0x000000076c500000)
  from space 1024K, 21% used [0x000000076c500000,0x000000076c538000,0x000000076c600000)
  to   space 1024K, 0% used [0x000000076c600000,0x000000076c600000,0x000000076c700000)
 ParOldGen       total 58880K, used 20921K [0x00000006c0000000, 0x00000006c3980000, 0x000000076ab00000)
  object space 58880K, 35% used [0x00000006c0000000,0x00000006c146e4a0,0x00000006c3980000)
 Metaspace       used 27944K, capacity 28171K, committed 28288K, reserved 1075200K
  class space    used 2833K, capacity 2921K, committed 2944K, reserved 1048576K
}
Event: 6434.498 GC heap before
{Heap before GC invocations=13185 (full 19):
 PSYoungGen      total 27648K, used 26848K [0x000000076ab00000, 0x000000076c700000, 0x00000007c0000000)
  eden space 26624K, 100% used [0x000000076ab00000,0x000000076c500000,0x000000076c500000)
  from space 1024K, 21% used [0x000000076c500000,0x000000076c538000,0x000000076c600000)
  to   space 1024K, 0% used [0x000000076c600000,0x000000076c600000,0x000000076c700000)
 ParOldGen       total 58880K, used 20921K [0x00000006c0000000, 0x00000006c3980000, 0x000000076ab00000)
  object space 58880K, 35% used [0x00000006c0000000,0x00000006c146e4a0,0x00000006c3980000)
 Metaspace       used 27944K, capacity 28171K, committed 28288K, reserved 1075200K
  class space    used 2833K, capacity 2921K, committed 2944K, reserved 1048576K
Event: 6434.500 GC heap after
Heap after GC invocations=13185 (full 19):
 PSYoungGen      total 27648K, used 192K [0x000000076ab00000, 0x000000076c700000, 0x00000007c0000000)
  eden space 26624K, 0% used [0x000000076ab00000,0x000000076ab00000,0x000000076c500000)
  from space 1024K, 18% used [0x000000076c600000,0x000000076c630000,0x000000076c700000)
  to   space 1024K, 0% used [0x000000076c500000,0x000000076c500000,0x000000076c600000)
 ParOldGen       total 58880K, used 20921K [0x00000006c0000000, 0x00000006c3980000, 0x000000076ab00000)
  object space 58880K, 35% used [0x00000006c0000000,0x00000006c146e4a0,0x00000006c3980000)
 Metaspace       used 27944K, capacity 28171K, committed 28288K, reserved 1075200K
  class space    used 2833K, capacity 2921K, committed 2944K, reserved 1048576K
}
Event: 6451.900 GC heap before
{Heap before GC invocations=13186 (full 19):
 PSYoungGen      total 27648K, used 26816K [0x000000076ab00000, 0x000000076c700000, 0x00000007c0000000)
  eden space 26624K, 100% used [0x000000076ab00000,0x000000076c500000,0x000000076c500000)
  from space 1024K, 18% used [0x000000076c600000,0x000000076c630000,0x000000076c700000)
  to   space 1024K, 0% used [0x000000076c500000,0x000000076c500000,0x000000076c600000)
 ParOldGen       total 58880K, used 20921K [0x00000006c0000000, 0x00000006c3980000, 0x000000076ab00000)
  object space 58880K, 35% used [0x00000006c0000000,0x00000006c146e4a0,0x00000006c3980000)
 Metaspace       used 27944K, capacity 28171K, committed 28288K, reserved 1075200K
  class space    used 2833K, capacity 2921K, committed 2944K, reserved 1048576K
Event: 6451.902 GC heap after
Heap after GC invocations=13186 (full 19):
 PSYoungGen      total 27648K, used 192K [0x000000076ab00000, 0x000000076c700000, 0x00000007c0000000)
  eden space 26624K, 0% used [0x000000076ab00000,0x000000076ab00000,0x000000076c500000)
  from space 1024K, 18% used [0x000000076c500000,0x000000076c530000,0x000000076c600000)
  to   space 1024K, 0% used [0x000000076c600000,0x000000076c600000,0x000000076c700000)
 ParOldGen       total 58880K, used 20921K [0x00000006c0000000, 0x00000006c3980000, 0x000000076ab00000)
  object space 58880K, 35% used [0x00000006c0000000,0x00000006c146e4a0,0x00000006c3980000)
 Metaspace       used 27944K, capacity 28171K, committed 28288K, reserved 1075200K
  class space    used 2833K, capacity 2921K, committed 2944K, reserved 1048576K
}
Event: 6470.213 GC heap before
{Heap before GC invocations=13187 (full 19):
 PSYoungGen      total 27648K, used 26816K [0x000000076ab00000, 0x000000076c700000, 0x00000007c0000000)
  eden space 26624K, 100% used [0x000000076ab00000,0x000000076c500000,0x000000076c500000)
  from space 1024K, 18% used [0x000000076c500000,0x000000076c530000,0x000000076c600000)
  to   space 1024K, 0% used [0x000000076c600000,0x000000076c600000,0x000000076c700000)
 ParOldGen       total 58880K, used 20921K [0x00000006c0000000, 0x00000006c3980000, 0x000000076ab00000)
  object space 58880K, 35% used [0x00000006c0000000,0x00000006c146e4a0,0x00000006c3980000)
 Metaspace       used 27944K, capacity 28171K, committed 28288K, reserved 1075200K
  class space    used 2833K, capacity 2921K, committed 2944K, reserved 1048576K
Event: 6470.214 GC heap after
Heap after GC invocations=13187 (full 19):
 PSYoungGen      total 27648K, used 224K [0x000000076ab00000, 0x000000076c700000, 0x00000007c0000000)
  eden space 26624K, 0% used [0x000000076ab00000,0x000000076ab00000,0x000000076c500000)
  from space 1024K, 21% used [0x000000076c600000,0x000000076c638000,0x000000076c700000)
  to   space 1024K, 0% used [0x000000076c500000,0x000000076c500000,0x000000076c600000)
 ParOldGen       total 58880K, used 20921K [0x00000006c0000000, 0x00000006c3980000, 0x000000076ab00000)
  object space 58880K, 35% used [0x00000006c0000000,0x00000006c146e4a0,0x00000006c3980000)
 Metaspace       used 27944K, capacity 28171K, committed 28288K, reserved 1075200K
  class space    used 2833K, capacity 2921K, committed 2944K, reserved 1048576K
}
Event: 6487.808 GC heap before
{Heap before GC invocations=13188 (full 19):
 PSYoungGen      total 27648K, used 26848K [0x000000076ab00000, 0x000000076c700000, 0x00000007c0000000)
  eden space 26624K, 100% used [0x000000076ab00000,0x000000076c500000,0x000000076c500000)
  from space 1024K, 21% used [0x000000076c600000,0x000000076c638000,0x000000076c700000)
  to   space 1024K, 0% used [0x000000076c500000,0x000000076c500000,0x000000076c600000)
 ParOldGen       total 58880K, used 20921K [0x00000006c0000000, 0x00000006c3980000, 0x000000076ab00000)
  object space 58880K, 35% used [0x00000006c0000000,0x00000006c146e4a0,0x00000006c3980000)
 Metaspace       used 27944K, capacity 28171K, committed 28288K, reserved 1075200K
  class space    used 2833K, capacity 2921K, committed 2944K, reserved 1048576K
Event: 6487.810 GC heap after
Heap after GC invocations=13188 (full 19):
 PSYoungGen      total 27648K, used 256K [0x000000076ab00000, 0x000000076c700000, 0x00000007c0000000)
  eden space 26624K, 0% used [0x000000076ab00000,0x000000076ab00000,0x000000076c500000)
  from space 1024K, 25% used [0x000000076c500000,0x000000076c540000,0x000000076c600000)
  to   space 1024K, 0% used [0x000000076c600000,0x000000076c600000,0x000000076c700000)
 ParOldGen       total 58880K, used 20921K [0x00000006c0000000, 0x00000006c3980000, 0x000000076ab00000)
  object space 58880K, 35% used [0x00000006c0000000,0x00000006c146e4a0,0x00000006c3980000)
 Metaspace       used 27944K, capacity 28171K, committed 28288K, reserved 1075200K
  class space    used 2833K, capacity 2921K, committed 2944K, reserved 1048576K
}

